TN:
SF:src\components\CustomerForm.tsx
FN:8,validateId
FN:17,validateName
FN:27,validateLName
FN:37,validateDateOfBirth
FN:49,post
FN:74,CustomerForm
FN:84,onSubmit
FNF:7
FNH:5
FNDA:6,validateId
FNDA:6,validateName
FNDA:6,validateLName
FNDA:6,validateDateOfBirth
FNDA:0,post
FNDA:4,CustomerForm
FNDA:0,onSubmit
DA:1,1
DA:2,1
DA:3,1
DA:4,1
DA:5,1
DA:6,1
DA:7,1
DA:8,6
DA:9,6
DA:10,6
DA:11,4
DA:12,6
DA:13,2
DA:14,2
DA:15,6
DA:16,6
DA:17,6
DA:18,6
DA:19,6
DA:20,2
DA:21,2
DA:22,4
DA:23,4
DA:24,4
DA:25,6
DA:26,6
DA:27,6
DA:28,6
DA:29,6
DA:30,6
DA:31,6
DA:32,0
DA:33,0
DA:34,0
DA:35,6
DA:36,6
DA:37,6
DA:38,6
DA:39,6
DA:40,6
DA:41,6
DA:42,6
DA:43,6
DA:44,6
DA:45,6
DA:46,6
DA:47,6
DA:48,1
DA:49,0
DA:50,0
DA:51,0
DA:52,0
DA:53,0
DA:54,0
DA:55,0
DA:56,0
DA:57,0
DA:58,0
DA:59,0
DA:60,0
DA:61,0
DA:62,0
DA:63,0
DA:64,0
DA:65,0
DA:66,0
DA:67,0
DA:68,0
DA:69,0
DA:70,0
DA:71,0
DA:72,0
DA:73,0
DA:74,1
DA:75,4
DA:76,4
DA:77,4
DA:78,4
DA:79,4
DA:80,4
DA:81,4
DA:82,4
DA:83,4
DA:84,4
DA:85,0
DA:86,0
DA:87,0
DA:88,0
DA:89,4
DA:90,4
DA:91,4
DA:92,9
DA:93,9
DA:94,9
DA:95,9
DA:96,9
DA:97,9
DA:98,9
DA:99,9
DA:100,9
DA:101,9
DA:102,9
DA:103,9
DA:104,9
DA:105,9
DA:106,9
DA:107,9
DA:108,9
DA:109,9
DA:110,9
DA:111,4
DA:112,4
DA:113,4
DA:114,1
LF:114
LH:82
BRDA:8,0,0,6
BRDA:10,1,0,4
BRDA:12,2,0,2
BRDA:17,3,0,6
BRDA:19,4,0,2
BRDA:22,5,0,4
BRDA:27,6,0,6
BRDA:32,7,0,0
BRDA:37,8,0,6
BRDA:45,9,0,0
BRDA:45,10,0,0
BRDA:74,11,0,4
BRDA:91,12,0,9
BRF:13
BRH:10
end_of_record
